Arguments: 
  /usr/local/bin/node /usr/local/bin/yarn add react-native-bootstrap

PATH: 
  /home/anastasia/.local/bin:/home/anastasia/.rvm/gems/ruby-2.7.3/bin:/home/anastasia/.rvm/gems/ruby-2.7.3@global/bin:/usr/share/rvm/rubies/ruby-2.7.3/bin:/home/anastasia/.local/bin:/usr/local/sbin:/usr/local/bin:/usr/sbin:/usr/bin:/sbin:/bin:/usr/games:/usr/local/games:/snap/bin:/usr/share/rvm/bin

Yarn version: 
  1.22.10

Node version: 
  16.17.0

Platform: 
  linux x64

Trace: 
  Error: EACCES: permission denied, unlink '/home/anastasia/Trip/node_modules/@callstack/react-theme-provider/LICENSE'

npm manifest: 
  {
    "name": "trip",
    "version": "1.0.0",
    "main": "node_modules/expo/AppEntry.js",
    "scripts": {
      "start": "expo start",
      "android": "expo start --android",
      "ios": "expo start --ios",
      "web": "expo start --web"
    },
    "dependencies": {
      "expo": "~47.0.12",
      "expo-status-bar": "~1.4.2",
      "react": "18.1.0",
      "react-native": "0.70.5",
      "react-native-bootstrap": "^0.1.0",
      "react-native-paper": "^5.1.4"
    },
    "devDependencies": {
      "@babel/core": "^7.12.9"
    },
    "private": true
  }

yarn manifest: 
  No manifest

Lockfile: 
  No lockfile
